#
# There is insufficient memory for the Java Runtime Environment to continue.
# Native memory allocation (malloc) failed to allocate 1381792 bytes. Error detail: Chunk::new
# Possible reasons:
#   The system is out of physical RAM or swap space
#   This process is running with CompressedOops enabled, and the Java Heap may be blocking the growth of the native heap
# Possible solutions:
#   Reduce memory load on the system
#   Increase physical memory or swap space
#   Check if swap backing store is full
#   Decrease Java heap size (-Xmx/-Xms)
#   Decrease number of Java threads
#   Decrease Java thread stack sizes (-Xss)
#   Set larger code cache with -XX:ReservedCodeCacheSize=
#   JVM is running with Unscaled Compressed Oops mode in which the Java heap is
#     placed in the first 4GB address space. The Java Heap base address is the
#     maximum limit for the native heap growth. Please use -XX:HeapBaseMinAddress
#     to set the Java Heap base and to place the Java Heap above 4GB virtual address.
# This output file may be truncated or incomplete.
#
#  Out of Memory Error (arena.cpp:168), pid=15648, tid=9680
#
# JRE version: OpenJDK Runtime Environment (21.0.6) (build 21.0.6+-13368085-b895.109)
# Java VM: OpenJDK 64-Bit Server VM (21.0.6+-13368085-b895.109, mixed mode, tiered, compressed oops, compressed class ptrs, g1 gc, windows-amd64)
# No core dump will be written. Minidumps are not enabled by default on client versions of Windows
#

---------------  S U M M A R Y ------------

Command Line: org.jetbrains.kotlin.cli.jvm.K2JVMCompiler @C:\Users\Alex\AndroidStudioProjects\Android-Chama-Buddy-App\app\build\20250710_677883678172852936.compiler.options

Host: Intel(R) Core(TM) i5-6300U CPU @ 2.40GHz, 4 cores, 3G,  Windows 10 , 64 bit Build 19041 (10.0.19041.5915)
Time: Thu Jul 10 01:06:30 2025 Pacific Daylight Time elapsed time: 40.960970 seconds (0d 0h 0m 40s)

---------------  T H R E A D  ---------------

Current thread (0x000002684d6c2e20):  JavaThread "C2 CompilerThread0" daemon [_thread_in_native, id=9680, stack(0x000000dcd0f00000,0x000000dcd1000000) (1024K)]


Current CompileTask:
C2:40961 12078       4       org.jetbrains.kotlin.metadata.jvm.deserialization.JvmProtoBufUtil::getJvmMethodSignature (437 bytes)

Stack: [0x000000dcd0f00000,0x000000dcd1000000]
Native frames: (J=compiled Java code, j=interpreted, Vv=VM code, C=native code)
V  [jvm.dll+0x6d0639]
V  [jvm.dll+0x85eb03]
V  [jvm.dll+0x86105e]
V  [jvm.dll+0x861743]
V  [jvm.dll+0x27e6e6]
V  [jvm.dll+0xbff6d]
V  [jvm.dll+0xc04a3]
V  [jvm.dll+0x3b61ab]
V  [jvm.dll+0x1de872]
V  [jvm.dll+0x247dd4]
V  [jvm.dll+0x247251]
V  [jvm.dll+0x1c5f04]
V  [jvm.dll+0x2569ac]
V  [jvm.dll+0x254ef6]
V  [jvm.dll+0x3f0e96]
V  [jvm.dll+0x806ed8]
V  [jvm.dll+0x6cef0d]
C  [ucrtbase.dll+0x21bb2]
C  [KERNEL32.DLL+0x17374]
C  [ntdll.dll+0x4cc91]


---------------  P R O C E S S  ---------------

Threads class SMR info:
_java_thread_list=0x000002684d815200, length=11, elements={
0x00000268359b6d60, 0x000002684d51e060, 0x000002684d672570, 0x000002684d65a080,
0x000002684d65aad0, 0x000002684d65b520, 0x000002684d691fa0, 0x000002684d6c2e20,
0x000002684d6c3ad0, 0x000002684d8424a0, 0x000002684d845490
}

Java Threads: ( => current thread )
  0x00000268359b6d60 JavaThread "main"                              [_thread_in_Java, id=14616, stack(0x000000dcd0100000,0x000000dcd0200000) (1024K)]
  0x000002684d51e060 JavaThread "Reference Handler"          daemon [_thread_blocked, id=14000, stack(0x000000dcd0900000,0x000000dcd0a00000) (1024K)]
  0x000002684d672570 JavaThread "Finalizer"                  daemon [_thread_blocked, id=11904, stack(0x000000dcd0a00000,0x000000dcd0b00000) (1024K)]
  0x000002684d65a080 JavaThread "Signal Dispatcher"          daemon [_thread_blocked, id=10480, stack(0x000000dcd0b00000,0x000000dcd0c00000) (1024K)]
  0x000002684d65aad0 JavaThread "Attach Listener"            daemon [_thread_blocked, id=13092, stack(0x000000dcd0c00000,0x000000dcd0d00000) (1024K)]
  0x000002684d65b520 JavaThread "Service Thread"             daemon [_thread_blocked, id=10360, stack(0x000000dcd0d00000,0x000000dcd0e00000) (1024K)]
  0x000002684d691fa0 JavaThread "Monitor Deflation Thread"   daemon [_thread_blocked, id=13248, stack(0x000000dcd0e00000,0x000000dcd0f00000) (1024K)]
=>0x000002684d6c2e20 JavaThread "C2 CompilerThread0"         daemon [_thread_in_native, id=9680, stack(0x000000dcd0f00000,0x000000dcd1000000) (1024K)]
  0x000002684d6c3ad0 JavaThread "C1 CompilerThread0"         daemon [_thread_blocked, id=13268, stack(0x000000dcd1000000,0x000000dcd1100000) (1024K)]
  0x000002684d8424a0 JavaThread "Notification Thread"        daemon [_thread_blocked, id=12512, stack(0x000000dcd1100000,0x000000dcd1200000) (1024K)]
  0x000002684d845490 JavaThread "Common-Cleaner"             daemon [_thread_blocked, id=13356, stack(0x000000dcd1200000,0x000000dcd1300000) (1024K)]
Total: 11

Other Threads:
  0x000002684d44ced0 VMThread "VM Thread"                           [id=16336, stack(0x000000dcd0800000,0x000000dcd0900000) (1024K)]
  0x0000026837c4e770 WatcherThread "VM Periodic Task Thread"        [id=11516, stack(0x000000dcd0700000,0x000000dcd0800000) (1024K)]
  0x0000026837bd4000 WorkerThread "GC Thread#0"                     [id=15496, stack(0x000000dcd0200000,0x000000dcd0300000) (1024K)]
  0x000002684d44cb30 WorkerThread "GC Thread#1"                     [id=15636, stack(0x000000dcd1300000,0x000000dcd1400000) (1024K)]
  0x000002684d44d270 WorkerThread "GC Thread#2"                     [id=10252, stack(0x000000dcd1400000,0x000000dcd1500000) (1024K)]
  0x000002684d44d9b0 WorkerThread "GC Thread#3"                     [id=14596, stack(0x000000dcd1500000,0x000000dcd1600000) (1024K)]
  0x0000026837bdc9e0 ConcurrentGCThread "G1 Main Marker"            [id=10600, stack(0x000000dcd0300000,0x000000dcd0400000) (1024K)]
  0x0000026837bdff80 WorkerThread "G1 Conc#0"                       [id=11256, stack(0x000000dcd0400000,0x000000dcd0500000) (1024K)]
  0x0000026837c39570 ConcurrentGCThread "G1 Refine#0"               [id=11280, stack(0x000000dcd0500000,0x000000dcd0600000) (1024K)]
  0x0000026837c39ff0 ConcurrentGCThread "G1 Service"                [id=424, stack(0x000000dcd0600000,0x000000dcd0700000) (1024K)]
Total: 10

Threads with active compile tasks:
C2 CompilerThread0  41276 12078       4       org.jetbrains.kotlin.metadata.jvm.deserialization.JvmProtoBufUtil::getJvmMethodSignature (437 bytes)
Total: 1

VM state: not at safepoint (normal execution)

VM Mutex/Monitor currently owned by a thread: None

Heap address: 0x00000000c3400000, size: 972 MB, Compressed Oops mode: 32-bit

CDS archive(s) not mapped
Compressed class space mapped at: 0x0000000100000000-0x0000000140000000, reserved size: 1073741824
Narrow klass base: 0x0000000000000000, Narrow klass shift: 3, Narrow klass range: 0x140000000

GC Precious Log:
 CardTable entry size: 512
 Card Set container configuration: InlinePtr #cards 5 size 8 Array Of Cards #cards 12 size 40 Howl #buckets 4 coarsen threshold 1843 Howl Bitmap #cards 512 size 80 coarsen threshold 460 Card regions per heap region 1 cards per card region 2048
 CPUs: 4 total, 4 available
 Memory: 3880M
 Large Page Support: Disabled
 NUMA Support: Disabled
 Compressed Oops: Enabled (32-bit)
 Heap Region Size: 1M
 Heap Min Capacity: 8M
 Heap Initial Capacity: 62M
 Heap Max Capacity: 972M
 Pre-touch: Disabled
 Parallel Workers: 4
 Concurrent Workers: 1
 Concurrent Refinement Workers: 4
 Periodic GC: Disabled

Heap:
 garbage-first heap   total 230400K, used 190040K [0x00000000c3400000, 0x0000000100000000)
  region size 1024K, 60 young (61440K), 8 survivors (8192K)
 Metaspace       used 67424K, committed 67776K, reserved 1114112K
  class space    used 7265K, committed 7424K, reserved 1048576K

Heap Regions: E=young(eden), S=young(survivor), O=old, HS=humongous(starts), HC=humongous(continues), CS=collection set, F=free, TAMS=top-at-mark-start, PB=parsable bottom
|   0|0x00000000c3400000, 0x00000000c3500000, 0x00000000c3500000|100%|HS|  |TAMS 0x00000000c3400000| PB 0x00000000c3400000| Complete 
|   1|0x00000000c3500000, 0x00000000c3600000, 0x00000000c3600000|100%|HC|  |TAMS 0x00000000c3500000| PB 0x00000000c3500000| Complete 
|   2|0x00000000c3600000, 0x00000000c3700000, 0x00000000c3700000|100%|HC|  |TAMS 0x00000000c3600000| PB 0x00000000c3600000| Complete 
|   3|0x00000000c3700000, 0x00000000c3800000, 0x00000000c3800000|100%| O|  |TAMS 0x00000000c3700000| PB 0x00000000c3700000| Untracked 
|   4|0x00000000c3800000, 0x00000000c3900000, 0x00000000c3900000|100%| O|  |TAMS 0x00000000c3800000| PB 0x00000000c3800000| Untracked 
|   5|0x00000000c3900000, 0x00000000c3a00000, 0x00000000c3a00000|100%|HS|  |TAMS 0x00000000c3900000| PB 0x00000000c3900000| Complete 
|   6|0x00000000c3a00000, 0x00000000c3b00000, 0x00000000c3b00000|100%| O|  |TAMS 0x00000000c3a00000| PB 0x00000000c3a00000| Untracked 
|   7|0x00000000c3b00000, 0x00000000c3c00000, 0x00000000c3c00000|100%| O|  |TAMS 0x00000000c3b00000| PB 0x00000000c3b00000| Untracked 
|   8|0x00000000c3c00000, 0x00000000c3d00000, 0x00000000c3d00000|100%| O|  |TAMS 0x00000000c3c00000| PB 0x00000000c3c00000| Untracked 
|   9|0x00000000c3d00000, 0x00000000c3e00000, 0x00000000c3e00000|100%| O|  |TAMS 0x00000000c3d00000| PB 0x00000000c3d00000| Untracked 
|  10|0x00000000c3e00000, 0x00000000c3f00000, 0x00000000c3f00000|100%| O|  |TAMS 0x00000000c3e00000| PB 0x00000000c3e00000| Untracked 
|  11|0x00000000c3f00000, 0x00000000c4000000, 0x00000000c4000000|100%| O|  |TAMS 0x00000000c3f00000| PB 0x00000000c3f00000| Untracked 
|  12|0x00000000c4000000, 0x00000000c4100000, 0x00000000c4100000|100%| O|  |TAMS 0x00000000c4000000| PB 0x00000000c4000000| Untracked 
|  13|0x00000000c4100000, 0x00000000c4200000, 0x00000000c4200000|100%| O|  |TAMS 0x00000000c4100000| PB 0x00000000c4100000| Untracked 
|  14|0x00000000c4200000, 0x00000000c4300000, 0x00000000c4300000|100%| O|  |TAMS 0x00000000c4200000| PB 0x00000000c4200000| Untracked 
|  15|0x00000000c4300000, 0x00000000c4400000, 0x00000000c4400000|100%| O|  |TAMS 0x00000000c4300000| PB 0x00000000c4300000| Untracked 
|  16|0x00000000c4400000, 0x00000000c4500000, 0x00000000c4500000|100%| O|  |TAMS 0x00000000c4400000| PB 0x00000000c4400000| Untracked 
|  17|0x00000000c4500000, 0x00000000c4600000, 0x00000000c4600000|100%| O|  |TAMS 0x00000000c4500000| PB 0x00000000c4500000| Untracked 
|  18|0x00000000c4600000, 0x00000000c4700000, 0x00000000c4700000|100%| O|  |TAMS 0x00000000c4600000| PB 0x00000000c4600000| Untracked 
|  19|0x00000000c4700000, 0x00000000c4800000, 0x00000000c4800000|100%| O|  |TAMS 0x00000000c4700000| PB 0x00000000c4700000| Untracked 
|  20|0x00000000c4800000, 0x00000000c4900000, 0x00000000c4900000|100%| O|  |TAMS 0x00000000c4800000| PB 0x00000000c4800000| Untracked 
|  21|0x00000000c4900000, 0x00000000c4a00000, 0x00000000c4a00000|100%| O|  |TAMS 0x00000000c4900000| PB 0x00000000c4900000| Untracked 
|  22|0x00000000c4a00000, 0x00000000c4b00000, 0x00000000c4b00000|100%| O|  |TAMS 0x00000000c4a00000| PB 0x00000000c4a00000| Untracked 
|  23|0x00000000c4b00000, 0x00000000c4c00000, 0x00000000c4c00000|100%| O|  |TAMS 0x00000000c4b00000| PB 0x00000000c4b00000| Untracked 
|  24|0x00000000c4c00000, 0x00000000c4d00000, 0x00000000c4d00000|100%| O|  |TAMS 0x00000000c4c00000| PB 0x00000000c4c00000| Untracked 
|  25|0x00000000c4d00000, 0x00000000c4e00000, 0x00000000c4e00000|100%| O|  |TAMS 0x00000000c4d00000| PB 0x00000000c4d00000| Untracked 
|  26|0x00000000c4e00000, 0x00000000c4f00000, 0x00000000c4f00000|100%| O|  |TAMS 0x00000000c4e00000| PB 0x00000000c4e00000| Untracked 
|  27|0x00000000c4f00000, 0x00000000c5000000, 0x00000000c5000000|100%| O|  |TAMS 0x00000000c4f00000| PB 0x00000000c4f00000| Untracked 
|  28|0x00000000c5000000, 0x00000000c5100000, 0x00000000c5100000|100%| O|  |TAMS 0x00000000c5000000| PB 0x00000000c5000000| Untracked 
|  29|0x00000000c5100000, 0x00000000c5200000, 0x00000000c5200000|100%| O|  |TAMS 0x00000000c5100000| PB 0x00000000c5100000| Untracked 
|  30|0x00000000c5200000, 0x00000000c5300000, 0x00000000c5300000|100%| O|  |TAMS 0x00000000c5200000| PB 0x00000000c5200000| Untracked 
|  31|0x00000000c5300000, 0x00000000c5400000, 0x00000000c5400000|100%| O|  |TAMS 0x00000000c5300000| PB 0x00000000c5300000| Untracked 
|  32|0x00000000c5400000, 0x00000000c5500000, 0x00000000c5500000|100%| O|  |TAMS 0x00000000c5400000| PB 0x00000000c5400000| Untracked 
|  33|0x00000000c5500000, 0x00000000c5600000, 0x00000000c5600000|100%| O|  |TAMS 0x00000000c5500000| PB 0x00000000c5500000| Untracked 
|  34|0x00000000c5600000, 0x00000000c5700000, 0x00000000c5700000|100%| O|  |TAMS 0x00000000c5600000| PB 0x00000000c5600000| Untracked 
|  35|0x00000000c5700000, 0x00000000c5800000, 0x00000000c5800000|100%| O|  |TAMS 0x00000000c5700000| PB 0x00000000c5700000| Untracked 
|  36|0x00000000c5800000, 0x00000000c5900000, 0x00000000c5900000|100%| O|  |TAMS 0x00000000c5800000| PB 0x00000000c5800000| Untracked 
|  37|0x00000000c5900000, 0x00000000c5a00000, 0x00000000c5a00000|100%| O|  |TAMS 0x00000000c5900000| PB 0x00000000c5900000| Untracked 
|  38|0x00000000c5a00000, 0x00000000c5b00000, 0x00000000c5b00000|100%| O|  |TAMS 0x00000000c5a00000| PB 0x00000000c5a00000| Untracked 
|  39|0x00000000c5b00000, 0x00000000c5c00000, 0x00000000c5c00000|100%| O|  |TAMS 0x00000000c5b00000| PB 0x00000000c5b00000| Untracked 
|  40|0x00000000c5c00000, 0x00000000c5d00000, 0x00000000c5d00000|100%| O|  |TAMS 0x00000000c5c00000| PB 0x00000000c5c00000| Untracked 
|  41|0x00000000c5d00000, 0x00000000c5e00000, 0x00000000c5e00000|100%| O|  |TAMS 0x00000000c5d00000| PB 0x00000000c5d00000| Untracked 
|  42|0x00000000c5e00000, 0x00000000c5f00000, 0x00000000c5f00000|100%| O|  |TAMS 0x00000000c5e00000| PB 0x00000000c5e00000| Untracked 
|  43|0x00000000c5f00000, 0x00000000c6000000, 0x00000000c6000000|100%| O|  |TAMS 0x00000000c5f00000| PB 0x00000000c5f00000| Untracked 
|  44|0x00000000c6000000, 0x00000000c6100000, 0x00000000c6100000|100%| O|  |TAMS 0x00000000c6000000| PB 0x00000000c6000000| Untracked 
|  45|0x00000000c6100000, 0x00000000c6200000, 0x00000000c6200000|100%| O|  |TAMS 0x00000000c6100000| PB 0x00000000c6100000| Untracked 
|  46|0x00000000c6200000, 0x00000000c6300000, 0x00000000c6300000|100%| O|  |TAMS 0x00000000c6200000| PB 0x00000000c6200000| Untracked 
|  47|0x00000000c6300000, 0x00000000c6300000, 0x00000000c6400000|  0%| F|  |TAMS 0x00000000c6300000| PB 0x00000000c6300000| Untracked 
|  48|0x00000000c6400000, 0x00000000c6500000, 0x00000000c6500000|100%| O|  |TAMS 0x00000000c6400000| PB 0x00000000c6400000| Untracked 
|  49|0x00000000c6500000, 0x00000000c6600000, 0x00000000c6600000|100%| O|  |TAMS 0x00000000c6500000| PB 0x00000000c6500000| Untracked 
|  50|0x00000000c6600000, 0x00000000c6700000, 0x00000000c6700000|100%| O|  |TAMS 0x00000000c6600000| PB 0x00000000c6600000| Untracked 
|  51|0x00000000c6700000, 0x00000000c6800000, 0x00000000c6800000|100%| O|  |TAMS 0x00000000c6700000| PB 0x00000000c6700000| Untracked 
|  52|0x00000000c6800000, 0x00000000c6900000, 0x00000000c6900000|100%| O|  |TAMS 0x00000000c6800000| PB 0x00000000c6800000| Untracked 
|  53|0x00000000c6900000, 0x00000000c6a00000, 0x00000000c6a00000|100%| O|  |TAMS 0x00000000c6900000| PB 0x00000000c6900000| Untracked 
|  54|0x00000000c6a00000, 0x00000000c6b00000, 0x00000000c6b00000|100%| O|  |TAMS 0x00000000c6a00000| PB 0x00000000c6a00000| Untracked 
|  55|0x00000000c6b00000, 0x00000000c6c00000, 0x00000000c6c00000|100%| O|  |TAMS 0x00000000c6b00000| PB 0x00000000c6b00000| Untracked 
|  56|0x00000000c6c00000, 0x00000000c6d00000, 0x00000000c6d00000|100%| O|  |TAMS 0x00000000c6c00000| PB 0x00000000c6c00000| Untracked 
|  57|0x00000000c6d00000, 0x00000000c6e00000, 0x00000000c6e00000|100%| O|  |TAMS 0x00000000c6d00000| PB 0x00000000c6d00000| Untracked 
|  58|0x00000000c6e00000, 0x00000000c6f00000, 0x00000000c6f00000|100%| O|  |TAMS 0x00000000c6e00000| PB 0x00000000c6e00000| Untracked 
|  59|0x00000000c6f00000, 0x00000000c7000000, 0x00000000c7000000|100%| O|  |TAMS 0x00000000c6f00000| PB 0x00000000c6f00000| Untracked 
|  60|0x00000000c7000000, 0x00000000c7100000, 0x00000000c7100000|100%| O|  |TAMS 0x00000000c7000000| PB 0x00000000c7000000| Untracked 
|  61|0x00000000c7100000, 0x00000000c7200000, 0x00000000c7200000|100%| O|  |TAMS 0x00000000c7100000| PB 0x00000000c7100000| Untracked 
|  62|0x00000000c7200000, 0x00000000c7300000, 0x00000000c7300000|100%| O|  |TAMS 0x00000000c7200000| PB 0x00000000c7200000| Untracked 
|  63|0x00000000c7300000, 0x00000000c7400000, 0x00000000c7400000|100%| O|Cm|TAMS 0x00000000c7300000| PB 0x00000000c7300000| Complete 
|  64|0x00000000c7400000, 0x00000000c7500000, 0x00000000c7500000|100%| O|  |TAMS 0x00000000c7400000| PB 0x00000000c7400000| Untracked 
|  65|0x00000000c7500000, 0x00000000c7600000, 0x00000000c7600000|100%| O|  |TAMS 0x00000000c7500000| PB 0x00000000c7500000| Untracked 
|  66|0x00000000c7600000, 0x00000000c7700000, 0x00000000c7700000|100%| O|  |TAMS 0x00000000c7600000| PB 0x00000000c7600000| Untracked 
|  67|0x00000000c7700000, 0x00000000c7800000, 0x00000000c7800000|100%| O|  |TAMS 0x00000000c7700000| PB 0x00000000c7700000| Untracked 
|  68|0x00000000c7800000, 0x00000000c7900000, 0x00000000c7900000|100%| O|  |TAMS 0x00000000c7800000| PB 0x00000000c7800000| Untracked 
|  69|0x00000000c7900000, 0x00000000c7a00000, 0x00000000c7a00000|100%| O|  |TAMS 0x00000000c7900000| PB 0x00000000c7900000| Untracked 
|  70|0x00000000c7a00000, 0x00000000c7b00000, 0x00000000c7b00000|100%| O|  |TAMS 0x00000000c7a00000| PB 0x00000000c7a00000| Untracked 
|  71|0x00000000c7b00000, 0x00000000c7c00000, 0x00000000c7c00000|100%| O|  |TAMS 0x00000000c7b00000| PB 0x00000000c7b00000| Untracked 
|  72|0x00000000c7c00000, 0x00000000c7d00000, 0x00000000c7d00000|100%| O|  |TAMS 0x00000000c7c00000| PB 0x00000000c7c00000| Untracked 
|  73|0x00000000c7d00000, 0x00000000c7e00000, 0x00000000c7e00000|100%| O|  |TAMS 0x00000000c7d00000| PB 0x00000000c7d00000| Untracked 
|  74|0x00000000c7e00000, 0x00000000c7f00000, 0x00000000c7f00000|100%| O|  |TAMS 0x00000000c7e00000| PB 0x00000000c7e00000| Untracked 
|  75|0x00000000c7f00000, 0x00000000c8000000, 0x00000000c8000000|100%| O|  |TAMS 0x00000000c7f00000| PB 0x00000000c7f00000| Untracked 
|  76|0x00000000c8000000, 0x00000000c8100000, 0x00000000c8100000|100%| O|  |TAMS 0x00000000c8000000| PB 0x00000000c8000000| Untracked 
|  77|0x00000000c8100000, 0x00000000c8200000, 0x00000000c8200000|100%| O|  |TAMS 0x00000000c8100000| PB 0x00000000c8100000| Untracked 
|  78|0x00000000c8200000, 0x00000000c8300000, 0x00000000c8300000|100%| O|  |TAMS 0x00000000c8200000| PB 0x00000000c8200000| Untracked 
|  79|0x00000000c8300000, 0x00000000c8400000, 0x00000000c8400000|100%| O|  |TAMS 0x00000000c8300000| PB 0x00000000c8300000| Untracked 
|  80|0x00000000c8400000, 0x00000000c8500000, 0x00000000c8500000|100%| O|  |TAMS 0x00000000c8400000| PB 0x00000000c8400000| Untracked 
|  81|0x00000000c8500000, 0x00000000c8500000, 0x00000000c8600000|  0%| F|  |TAMS 0x00000000c8500000| PB 0x00000000c8500000| Untracked 
|  82|0x00000000c8600000, 0x00000000c8700000, 0x00000000c8700000|100%| O|  |TAMS 0x00000000c8600000| PB 0x00000000c8600000| Untracked 
|  83|0x00000000c8700000, 0x00000000c8800000, 0x00000000c8800000|100%| O|  |TAMS 0x00000000c8700000| PB 0x00000000c8700000| Untracked 
|  84|0x00000000c8800000, 0x00000000c8900000, 0x00000000c8900000|100%| O|  |TAMS 0x00000000c8800000| PB 0x00000000c8800000| Untracked 
|  85|0x00000000c8900000, 0x00000000c8a00000, 0x00000000c8a00000|100%| O|  |TAMS 0x00000000c8900000| PB 0x00000000c8900000| Untracked 
|  86|0x00000000c8a00000, 0x00000000c8b00000, 0x00000000c8b00000|100%| O|  |TAMS 0x00000000c8a00000| PB 0x00000000c8a00000| Untracked 
|  87|0x00000000c8b00000, 0x00000000c8c00000, 0x00000000c8c00000|100%| O|  |TAMS 0x00000000c8b00000| PB 0x00000000c8b00000| Untracked 
|  88|0x00000000c8c00000, 0x00000000c8d00000, 0x00000000c8d00000|100%| O|  |TAMS 0x00000000c8c00000| PB 0x00000000c8c00000| Untracked 
|  89|0x00000000c8d00000, 0x00000000c8e00000, 0x00000000c8e00000|100%| O|  |TAMS 0x00000000c8d00000| PB 0x00000000c8d00000| Untracked 
|  90|0x00000000c8e00000, 0x00000000c8f00000, 0x00000000c8f00000|100%| O|  |TAMS 0x00000000c8e00000| PB 0x00000000c8e00000| Untracked 
|  91|0x00000000c8f00000, 0x00000000c9000000, 0x00000000c9000000|100%| O|  |TAMS 0x00000000c8f00000| PB 0x00000000c8f00000| Untracked 
|  92|0x00000000c9000000, 0x00000000c9100000, 0x00000000c9100000|100%| O|  |TAMS 0x00000000c9000000| PB 0x00000000c9000000| Untracked 
|  93|0x00000000c9100000, 0x00000000c9200000, 0x00000000c9200000|100%| O|  |TAMS 0x00000000c9100000| PB 0x00000000c9100000| Untracked 
|  94|0x00000000c9200000, 0x00000000c9300000, 0x00000000c9300000|100%| O|  |TAMS 0x00000000c9200000| PB 0x00000000c9200000| Untracked 
|  95|0x00000000c9300000, 0x00000000c9400000, 0x00000000c9400000|100%| O|  |TAMS 0x00000000c9300000| PB 0x00000000c9300000| Untracked 
|  96|0x00000000c9400000, 0x00000000c9500000, 0x00000000c9500000|100%| O|  |TAMS 0x00000000c9400000| PB 0x00000000c9400000| Untracked 
|  97|0x00000000c9500000, 0x00000000c9600000, 0x00000000c9600000|100%| O|  |TAMS 0x00000000c9500000| PB 0x00000000c9500000| Untracked 
|  98|0x00000000c9600000, 0x00000000c9700000, 0x00000000c9700000|100%| O|  |TAMS 0x00000000c9600000| PB 0x00000000c9600000| Untracked 
|  99|0x00000000c9700000, 0x00000000c9800000, 0x00000000c9800000|100%| O|  |TAMS 0x00000000c9700000| PB 0x00000000c9700000| Untracked 
| 100|0x00000000c9800000, 0x00000000c9800000, 0x00000000c9900000|  0%| F|  |TAMS 0x00000000c9800000| PB 0x00000000c9800000| Untracked 
| 101|0x00000000c9900000, 0x00000000c9a00000, 0x00000000c9a00000|100%| O|  |TAMS 0x00000000c9900000| PB 0x00000000c9900000| Untracked 
| 102|0x00000000c9a00000, 0x00000000c9b00000, 0x00000000c9b00000|100%| O|  |TAMS 0x00000000c9a00000| PB 0x00000000c9a00000| Untracked 
| 103|0x00000000c9b00000, 0x00000000c9c00000, 0x00000000c9c00000|100%| O|  |TAMS 0x00000000c9b00000| PB 0x00000000c9b00000| Untracked 
| 104|0x00000000c9c00000, 0x00000000c9d00000, 0x00000000c9d00000|100%| O|  |TAMS 0x00000000c9c00000| PB 0x00000000c9c00000| Untracked 
| 105|0x00000000c9d00000, 0x00000000c9e00000, 0x00000000c9e00000|100%| O|  |TAMS 0x00000000c9d00000| PB 0x00000000c9d00000| Untracked 
| 106|0x00000000c9e00000, 0x00000000c9f00000, 0x00000000c9f00000|100%| O|  |TAMS 0x00000000c9e00000| PB 0x00000000c9e00000| Untracked 
| 107|0x00000000c9f00000, 0x00000000ca000000, 0x00000000ca000000|100%| O|  |TAMS 0x00000000c9f00000| PB 0x00000000c9f00000| Untracked 
| 108|0x00000000ca000000, 0x00000000ca100000, 0x00000000ca100000|100%| O|Cm|TAMS 0x00000000ca000000| PB 0x00000000ca000000| Complete 
| 109|0x00000000ca100000, 0x00000000ca200000, 0x00000000ca200000|100%| O|  |TAMS 0x00000000ca100000| PB 0x00000000ca100000| Untracked 
| 110|0x00000000ca200000, 0x00000000ca300000, 0x00000000ca300000|100%| O|  |TAMS 0x00000000ca200000| PB 0x00000000ca200000| Untracked 
| 111|0x00000000ca300000, 0x00000000ca400000, 0x00000000ca400000|100%| O|  |TAMS 0x00000000ca300000| PB 0x00000000ca300000| Untracked 
| 112|0x00000000ca400000, 0x00000000ca500000, 0x00000000ca500000|100%| O|  |TAMS 0x00000000ca400000| PB 0x00000000ca400000| Untracked 
| 113|0x00000000ca500000, 0x00000000ca600000, 0x00000000ca600000|100%| O|  |TAMS 0x00000000ca500000| PB 0x00000000ca500000| Untracked 
| 114|0x00000000ca600000, 0x00000000ca700000, 0x00000000ca700000|100%| O|Cm|TAMS 0x00000000ca600000| PB 0x00000000ca600000| Complete 
| 115|0x00000000ca700000, 0x00000000ca800000, 0x00000000ca800000|100%| O|  |TAMS 0x00000000ca700000| PB 0x00000000ca700000| Untracked 
| 116|0x00000000ca800000, 0x00000000ca900000, 0x00000000ca900000|100%| O|  |TAMS 0x00000000ca800000| PB 0x00000000ca800000| Untracked 
| 117|0x00000000ca900000, 0x00000000caa00000, 0x00000000caa00000|100%| O|  |TAMS 0x00000000ca900000| PB 0x00000000ca900000| Untracked 
| 118|0x00000000caa00000, 0x00000000cab00000, 0x00000000cab00000|100%| O|  |TAMS 0x00000000caa00000| PB 0x00000000caa00000| Untracked 
| 119|0x00000000cab00000, 0x00000000cac00000, 0x00000000cac00000|100%| O|  |TAMS 0x00000000cab00000| PB 0x00000000cab00000| Untracked 
| 120|0x00000000cac00000, 0x00000000cad00000, 0x00000000cad00000|100%| O|  |TAMS 0x00000000cac00000| PB 0x00000000cac00000| Untracked 
| 121|0x00000000cad00000, 0x00000000cae00000, 0x00000000cae00000|100%| O|  |TAMS 0x00000000cad00000| PB 0x00000000cad00000| Untracked 
| 122|0x00000000cae00000, 0x00000000caf00000, 0x00000000caf00000|100%| O|  |TAMS 0x00000000cae00000| PB 0x00000000cae00000| Untracked 
| 123|0x00000000caf00000, 0x00000000cb000000, 0x00000000cb000000|100%| O|  |TAMS 0x00000000caf00000| PB 0x00000000caf00000| Untracked 
| 124|0x00000000cb000000, 0x00000000cb0b0c30, 0x00000000cb100000| 69%| O|  |TAMS 0x00000000cb000000| PB 0x00000000cb000000| Untracked 
| 125|0x00000000cb100000, 0x00000000cb100000, 0x00000000cb200000|  0%| F|  |TAMS 0x00000000cb100000| PB 0x00000000cb100000| Untracked 
| 126|0x00000000cb200000, 0x00000000cb200000, 0x00000000cb300000|  0%| F|  |TAMS 0x00000000cb200000| PB 0x00000000cb200000| Untracked 
| 127|0x00000000cb300000, 0x00000000cb300000, 0x00000000cb400000|  0%| F|  |TAMS 0x00000000cb300000| PB 0x00000000cb300000| Untracked 
| 128|0x00000000cb400000, 0x00000000cb400000, 0x00000000cb500000|  0%| F|  |TAMS 0x00000000cb400000| PB 0x00000000cb400000| Untracked 
| 129|0x00000000cb500000, 0x00000000cb500000, 0x00000000cb600000|  0%| F|  |TAMS 0x00000000cb500000| PB 0x00000000cb500000| Untracked 
| 130|0x00000000cb600000, 0x00000000cb600000, 0x00000000cb700000|  0%| F|  |TAMS 0x00000000cb600000| PB 0x00000000cb600000| Untracked 
| 131|0x00000000cb700000, 0x00000000cb700000, 0x00000000cb800000|  0%| F|  |TAMS 0x00000000cb700000| PB 0x00000000cb700000| Untracked 
| 132|0x00000000cb800000, 0x00000000cb800000, 0x00000000cb900000|  0%| F|  |TAMS 0x00000000cb800000| PB 0x00000000cb800000| Untracked 
| 133|0x00000000cb900000, 0x00000000cb900000, 0x00000000cba00000|  0%| F|  |TAMS 0x00000000cb900000| PB 0x00000000cb900000| Untracked 
| 134|0x00000000cba00000, 0x00000000cba00000, 0x00000000cbb00000|  0%| F|  |TAMS 0x00000000cba00000| PB 0x00000000cba00000| Untracked 
| 135|0x00000000cbb00000, 0x00000000cbbe5500, 0x00000000cbc00000| 89%| S|CS|TAMS 0x00000000cbb00000| PB 0x00000000cbb00000| Complete 
| 136|0x00000000cbc00000, 0x00000000cbd00000, 0x00000000cbd00000|100%| S|CS|TAMS 0x00000000cbc00000| PB 0x00000000cbc00000| Complete 
| 137|0x00000000cbd00000, 0x00000000cbe00000, 0x00000000cbe00000|100%| S|CS|TAMS 0x00000000cbd00000| PB 0x00000000cbd00000| Complete 
| 138|0x00000000cbe00000, 0x00000000cbf00000, 0x00000000cbf00000|100%| S|CS|TAMS 0x00000000cbe00000| PB 0x00000000cbe00000| Complete 
| 139|0x00000000cbf00000, 0x00000000cc000000, 0x00000000cc000000|100%| S|CS|TAMS 0x00000000cbf00000| PB 0x00000000cbf00000| Complete 
| 140|0x00000000cc000000, 0x00000000cc100000, 0x00000000cc100000|100%| S|CS|TAMS 0x00000000cc000000| PB 0x00000000cc000000| Complete 
| 141|0x00000000cc100000, 0x00000000cc200000, 0x00000000cc200000|100%| S|CS|TAMS 0x00000000cc100000| PB 0x00000000cc100000| Complete 
| 142|0x00000000cc200000, 0x00000000cc200000, 0x00000000cc300000|  0%| F|  |TAMS 0x00000000cc200000| PB 0x00000000cc200000| Untracked 
| 143|0x00000000cc300000, 0x00000000cc400000, 0x00000000cc400000|100%| S|CS|TAMS 0x00000000cc300000| PB 0x00000000cc300000| Complete 
| 144|0x00000000cc400000, 0x00000000cc400000, 0x00000000cc500000|  0%| F|  |TAMS 0x00000000cc400000| PB 0x00000000cc400000| Untracked 
| 145|0x00000000cc500000, 0x00000000cc500000, 0x00000000cc600000|  0%| F|  |TAMS 0x00000000cc500000| PB 0x00000000cc500000| Untracked 
| 146|0x00000000cc600000, 0x00000000cc600000, 0x00000000cc700000|  0%| F|  |TAMS 0x00000000cc600000| PB 0x00000000cc600000| Untracked 
| 147|0x00000000cc700000, 0x00000000cc700000, 0x00000000cc800000|  0%| F|  |TAMS 0x00000000cc700000| PB 0x00000000cc700000| Untracked 
| 148|0x00000000cc800000, 0x00000000cc800000, 0x00000000cc900000|  0%| F|  |TAMS 0x00000000cc800000| PB 0x00000000cc800000| Untracked 
| 149|0x00000000cc900000, 0x00000000cc900000, 0x00000000cca00000|  0%| F|  |TAMS 0x00000000cc900000| PB 0x00000000cc900000| Untracked 
| 150|0x00000000cca00000, 0x00000000cca00000, 0x00000000ccb00000|  0%| F|  |TAMS 0x00000000cca00000| PB 0x00000000cca00000| Untracked 
| 151|0x00000000ccb00000, 0x00000000ccb00000, 0x00000000ccc00000|  0%| F|  |TAMS 0x00000000ccb00000| PB 0x00000000ccb00000| Untracked 
| 152|0x00000000ccc00000, 0x00000000ccc00000, 0x00000000ccd00000|  0%| F|  |TAMS 0x00000000ccc00000| PB 0x00000000ccc00000| Untracked 
| 153|0x00000000ccd00000, 0x00000000ccd00000, 0x00000000cce00000|  0%| F|  |TAMS 0x00000000ccd00000| PB 0x00000000ccd00000| Untracked 
| 154|0x00000000cce00000, 0x00000000cce00000, 0x00000000ccf00000|  0%| F|  |TAMS 0x00000000cce00000| PB 0x00000000cce00000| Untracked 
| 155|0x00000000ccf00000, 0x00000000ccf00000, 0x00000000cd000000|  0%| F|  |TAMS 0x00000000ccf00000| PB 0x00000000ccf00000| Untracked 
| 156|0x00000000cd000000, 0x00000000cd000000, 0x00000000cd100000|  0%| F|  |TAMS 0x00000000cd000000| PB 0x00000000cd000000| Untracked 
| 157|0x00000000cd100000, 0x00000000cd100000, 0x00000000cd200000|  0%| F|  |TAMS 0x00000000cd100000| PB 0x00000000cd100000| Untracked 
| 158|0x00000000cd200000, 0x00000000cd200000, 0x00000000cd300000|  0%| F|  |TAMS 0x00000000cd200000| PB 0x00000000cd200000| Untracked 
| 159|0x00000000cd300000, 0x00000000cd300000, 0x00000000cd400000|  0%| F|  |TAMS 0x00000000cd300000| PB 0x00000000cd300000| Untracked 
| 160|0x00000000cd400000, 0x00000000cd400000, 0x00000000cd500000|  0%| F|  |TAMS 0x00000000cd400000| PB 0x00000000cd400000| Untracked 
| 161|0x00000000cd500000, 0x00000000cd500000, 0x00000000cd600000|  0%| F|  |TAMS 0x00000000cd500000| PB 0x00000000cd500000| Untracked 
| 162|0x00000000cd600000, 0x00000000cd600000, 0x00000000cd700000|  0%| F|  |TAMS 0x00000000cd600000| PB 0x00000000cd600000| Untracked 
| 163|0x00000000cd700000, 0x00000000cd700000, 0x00000000cd800000|  0%| F|  |TAMS 0x00000000cd700000| PB 0x00000000cd700000| Untracked 
| 164|0x00000000cd800000, 0x00000000cd800000, 0x00000000cd900000|  0%| F|  |TAMS 0x00000000cd800000| PB 0x00000000cd800000| Untracked 
| 165|0x00000000cd900000, 0x00000000cd900000, 0x00000000cda00000|  0%| F|  |TAMS 0x00000000cd900000| PB 0x00000000cd900000| Untracked 
| 166|0x00000000cda00000, 0x00000000cda00000, 0x00000000cdb00000|  0%| F|  |TAMS 0x00000000cda00000| PB 0x00000000cda00000| Untracked 
| 167|0x00000000cdb00000, 0x00000000cdb00000, 0x00000000cdc00000|  0%| F|  |TAMS 0x00000000cdb00000| PB 0x00000000cdb00000| Untracked 
| 168|0x00000000cdc00000, 0x00000000cdc80000, 0x00000000cdd00000| 50%| E|  |TAMS 0x00000000cdc00000| PB 0x00000000cdc00000| Complete 
| 169|0x00000000cdd00000, 0x00000000cde00000, 0x00000000cde00000|100%| E|CS|TAMS 0x00000000cdd00000| PB 0x00000000cdd00000| Complete 
| 170|0x00000000cde00000, 0x00000000cdf00000, 0x00000000cdf00000|100%| E|CS|TAMS 0x00000000cde00000| PB 0x00000000cde00000| Complete 
| 171|0x00000000cdf00000, 0x00000000ce000000, 0x00000000ce000000|100%| E|CS|TAMS 0x00000000cdf00000| PB 0x00000000cdf00000| Complete 
| 172|0x00000000ce000000, 0x00000000ce100000, 0x00000000ce100000|100%| E|CS|TAMS 0x00000000ce000000| PB 0x00000000ce000000| Complete 
| 173|0x00000000ce100000, 0x00000000ce200000, 0x00000000ce200000|100%| E|CS|TAMS 0x00000000ce100000| PB 0x00000000ce100000| Complete 
| 174|0x00000000ce200000, 0x00000000ce300000, 0x00000000ce300000|100%| E|CS|TAMS 0x00000000ce200000| PB 0x00000000ce200000| Complete 
| 175|0x00000000ce300000, 0x00000000ce400000, 0x00000000ce400000|100%| E|CS|TAMS 0x00000000ce300000| PB 0x00000000ce300000| Complete 
| 176|0x00000000ce400000, 0x00000000ce500000, 0x00000000ce500000|100%| E|CS|TAMS 0x00000000ce400000| PB 0x00000000ce400000| Complete 
| 177|0x00000000ce500000, 0x00000000ce600000, 0x00000000ce600000|100%| E|CS|TAMS 0x00000000ce500000| PB 0x00000000ce500000| Complete 
| 178|0x00000000ce600000, 0x00000000ce700000, 0x00000000ce700000|100%| E|CS|TAMS 0x00000000ce600000| PB 0x00000000ce600000| Complete 
| 179|0x00000000ce700000, 0x00000000ce800000, 0x00000000ce800000|100%| E|CS|TAMS 0x00000000ce700000| PB 0x00000000ce700000| Complete 
| 180|0x00000000ce800000, 0x00000000ce900000, 0x00000000ce900000|100%| E|CS|TAMS 0x00000000ce800000| PB 0x00000000ce800000| Complete 
| 181|0x00000000ce900000, 0x00000000cea00000, 0x00000000cea00000|100%| E|CS|TAMS 0x00000000ce900000| PB 0x00000000ce900000| Complete 
| 182|0x00000000cea00000, 0x00000000ceb00000, 0x00000000ceb00000|100%| E|CS|TAMS 0x00000000cea00000| PB 0x00000000cea00000| Complete 
| 183|0x00000000ceb00000, 0x00000000cec00000, 0x00000000cec00000|100%| E|CS|TAMS 0x00000000ceb00000| PB 0x00000000ceb00000| Complete 
| 184|0x00000000cec00000, 0x00000000ced00000, 0x00000000ced00000|100%| E|CS|TAMS 0x00000000cec00000| PB 0x00000000cec00000| Complete 
| 185|0x00000000ced00000, 0x00000000cee00000, 0x00000000cee00000|100%| E|CS|TAMS 0x00000000ced00000| PB 0x00000000ced00000| Complete 
| 186|0x00000000cee00000, 0x00000000cef00000, 0x00000000cef00000|100%| E|CS|TAMS 0x00000000cee00000| PB 0x00000000cee00000| Complete 
| 187|0x00000000cef00000, 0x00000000cf000000, 0x00000000cf000000|100%| E|CS|TAMS 0x00000000cef00000| PB 0x00000000cef00000| Complete 
| 188|0x00000000cf000000, 0x00000000cf100000, 0x00000000cf100000|100%| E|CS|TAMS 0x00000000cf000000| PB 0x00000000cf000000| Complete 
| 189|0x00000000cf100000, 0x00000000cf200000, 0x00000000cf200000|100%| E|CS|TAMS 0x00000000cf100000| PB 0x00000000cf100000| Complete 
| 190|0x00000000cf200000, 0x00000000cf300000, 0x00000000cf300000|100%| E|CS|TAMS 0x00000000cf200000| PB 0x00000000cf200000| Complete 
| 191|0x00000000cf300000, 0x00000000cf400000, 0x00000000cf400000|100%| E|CS|TAMS 0x00000000cf300000| PB 0x00000000cf300000| Complete 
| 192|0x00000000cf400000, 0x00000000cf500000, 0x00000000cf500000|100%| E|CS|TAMS 0x00000000cf400000| PB 0x00000000cf400000| Complete 
| 193|0x00000000cf500000, 0x00000000cf600000, 0x00000000cf600000|100%| E|CS|TAMS 0x00000000cf500000| PB 0x00000000cf500000| Complete 
| 194|0x00000000cf600000, 0x00000000cf700000, 0x00000000cf700000|100%| E|CS|TAMS 0x00000000cf600000| PB 0x00000000cf600000| Complete 
| 195|0x00000000cf700000, 0x00000000cf800000, 0x00000000cf800000|100%| E|CS|TAMS 0x00000000cf700000| PB 0x00000000cf700000| Complete 
| 196|0x00000000cf800000, 0x00000000cf900000, 0x00000000cf900000|100%| E|CS|TAMS 0x00000000cf800000| PB 0x00000000cf800000| Complete 
| 197|0x00000000cf900000, 0x00000000cfa00000, 0x00000000cfa00000|100%| E|CS|TAMS 0x00000000cf900000| PB 0x00000000cf900000| Complete 
| 198|0x00000000cfa00000, 0x00000000cfb00000, 0x00000000cfb00000|100%| E|CS|TAMS 0x00000000cfa00000| PB 0x00000000cfa00000| Complete 
| 199|0x00000000cfb00000, 0x00000000cfc00000, 0x00000000cfc00000|100%| E|CS|TAMS 0x00000000cfb00000| PB 0x00000000cfb00000| Complete 
| 200|0x00000000cfc00000, 0x00000000cfd00000, 0x00000000cfd00000|100%| E|CS|TAMS 0x00000000cfc00000| PB 0x00000000cfc00000| Complete 
| 201|0x00000000cfd00000, 0x00000000cfe00000, 0x00000000cfe00000|100%| E|CS|TAMS 0x00000000cfd00000| PB 0x00000000cfd00000| Complete 
| 202|0x00000000cfe00000, 0x00000000cff00000, 0x00000000cff00000|100%| E|CS|TAMS 0x00000000cfe00000| PB 0x00000000cfe00000| Complete 
| 203|0x00000000cff00000, 0x00000000d0000000, 0x00000000d0000000|100%| E|CS|TAMS 0x00000000cff00000| PB 0x00000000cff00000| Complete 
| 204|0x00000000d0000000, 0x00000000d0100000, 0x00000000d0100000|100%| E|CS|TAMS 0x00000000d0000000| PB 0x00000000d0000000| Complete 
| 205|0x00000000d0100000, 0x00000000d0200000, 0x00000000d0200000|100%| E|CS|TAMS 0x00000000d0100000| PB 0x00000000d0100000| Complete 
| 206|0x00000000d0200000, 0x00000000d0300000, 0x00000000d0300000|100%| E|CS|TAMS 0x00000000d0200000| PB 0x00000000d0200000| Complete 
| 207|0x00000000d0300000, 0x00000000d0400000, 0x00000000d0400000|100%| E|CS|TAMS 0x00000000d0300000| PB 0x00000000d0300000| Complete 
| 208|0x00000000d0400000, 0x00000000d0500000, 0x00000000d0500000|100%| E|CS|TAMS 0x00000000d0400000| PB 0x00000000d0400000| Complete 
| 209|0x00000000d0500000, 0x00000000d0600000, 0x00000000d0600000|100%| E|CS|TAMS 0x00000000d0500000| PB 0x00000000d0500000| Complete 
| 210|0x00000000d0600000, 0x00000000d0700000, 0x00000000d0700000|100%| E|CS|TAMS 0x00000000d0600000| PB 0x00000000d0600000| Complete 
| 211|0x00000000d0700000, 0x00000000d0800000, 0x00000000d0800000|100%| E|CS|TAMS 0x00000000d0700000| PB 0x00000000d0700000| Complete 
| 212|0x00000000d0800000, 0x00000000d0900000, 0x00000000d0900000|100%| E|CS|TAMS 0x00000000d0800000| PB 0x00000000d0800000| Complete 
| 213|0x00000000d0900000, 0x00000000d0a00000, 0x00000000d0a00000|100%| E|CS|TAMS 0x00000000d0900000| PB 0x00000000d0900000| Complete 
| 214|0x00000000d0a00000, 0x00000000d0b00000, 0x00000000d0b00000|100%| E|CS|TAMS 0x00000000d0a00000| PB 0x00000000d0a00000| Complete 
| 215|0x00000000d0b00000, 0x00000000d0c00000, 0x00000000d0c00000|100%| E|CS|TAMS 0x00000000d0b00000| PB 0x00000000d0b00000| Complete 
| 216|0x00000000d0c00000, 0x00000000d0d00000, 0x00000000d0d00000|100%| E|CS|TAMS 0x00000000d0c00000| PB 0x00000000d0c00000| Complete 
| 217|0x00000000d0d00000, 0x00000000d0e00000, 0x00000000d0e00000|100%| E|CS|TAMS 0x00000000d0d00000| PB 0x00000000d0d00000| Complete 
| 218|0x00000000d0e00000, 0x00000000d0f00000, 0x00000000d0f00000|100%| E|CS|TAMS 0x00000000d0e00000| PB 0x00000000d0e00000| Complete 
| 219|0x00000000d0f00000, 0x00000000d1000000, 0x00000000d1000000|100%| E|CS|TAMS 0x00000000d0f00000| PB 0x00000000d0f00000| Complete 
| 967|0x00000000ffb00000, 0x00000000ffc00000, 0x00000000ffc00000|100%| O|  |TAMS 0x00000000ffb00000| PB 0x00000000ffb00000| Untracked 
| 968|0x00000000ffc00000, 0x00000000ffd00000, 0x00000000ffd00000|100%| O|  |TAMS 0x00000000ffc00000| PB 0x00000000ffc00000| Untracked 
| 969|0x00000000ffd00000, 0x00000000ffe00000, 0x00000000ffe00000|100%| O|  |TAMS 0x00000000ffd00000| PB 0x00000000ffd00000| Untracked 
| 970|0x00000000ffe00000, 0x00000000fff00000, 0x00000000fff00000|100%| O|  |TAMS 0x00000000ffe00000| PB 0x00000000ffe00000| Untracked 
| 971|0x00000000fff00000, 0x0000000100000000, 0x0000000100000000|100%| O|  |TAMS 0x00000000fff00000| PB 0x00000000fff00000| Untracked 

Card table byte_map: [0x0000026849ed0000,0x000002684a0c0000] _byte_map_base: 0x00000268498b6000

Marking Bits: (CMBitMap*) 0x0000026837bd4610
 Bits: [0x000002684a0c0000, 0x000002684aff0000)

Polling page: 0x0000026835b80000

Metaspace:

Usage:
  Non-class:     58.75 MB used.
      Class:      7.10 MB used.
       Both:     65.85 MB used.

Virtual space:
  Non-class space:       64.00 MB reserved,      58.94 MB ( 92%) committed,  1 nodes.
      Class space:        1.00 GB reserved,       7.25 MB ( <1%) committed,  1 nodes.
             Both:        1.06 GB reserved,      66.19 MB (  6%) committed. 

Chunk freelists:
   Non-Class:  4.92 MB
       Class:  8.73 MB
        Both:  13.66 MB

MaxMetaspaceSize: unlimited
CompressedClassSpaceSize: 1.00 GB
Initial GC threshold: 21.00 MB
Current GC threshold: 105.31 MB
CDS: off
 - commit_granule_bytes: 65536.
 - commit_granule_words: 8192.
 - virtual_space_node_default_size: 8388608.
 - enlarge_chunks_in_place: 1.
 - use_allocation_guard: 0.


Internal statistics:

num_allocs_failed_limit: 9.
num_arena_births: 332.
num_arena_deaths: 0.
num_vsnodes_births: 2.
num_vsnodes_deaths: 0.
num_space_committed: 1057.
num_space_uncommitted: 0.
num_chunks_returned_to_freelist: 9.
num_chunks_taken_from_freelist: 2429.
num_chunk_merges: 9.
num_chunk_splits: 1982.
num_chunks_enlarged: 1782.
num_inconsistent_stats: 0.

CodeHeap 'non-profiled nmethods': size=120000Kb used=5550Kb max_used=5550Kb free=114449Kb
 bounds [0x00000268427b0000, 0x0000026842d40000, 0x0000026849ce0000]
CodeHeap 'profiled nmethods': size=120000Kb used=32902Kb max_used=35428Kb free=87097Kb
 bounds [0x000002683ace0000, 0x000002683cf80000, 0x0000026842210000]
CodeHeap 'non-nmethods': size=5760Kb used=1656Kb max_used=1727Kb free=4103Kb
 bounds [0x0000026842210000, 0x0000026842480000, 0x00000268427b0000]
 total_blobs=10881 nmethods=10182 adapters=598
 compilation: enabled
              stopped_count=0, restarted_count=0
 full_count=0

Compilation events (20 events):
Event: 40.745 Thread 0x000002684d6c3ad0 12349       2       androidx.compose.compiler.plugins.kotlin.ComposeClassIds::getComposable (4 bytes)
Event: 40.746 Thread 0x000002684d6c3ad0 nmethod 12349 0x000002683bcd8210 code [0x000002683bcd83a0, 0x000002683bcd84b0]
Event: 40.746 Thread 0x000002684d6c3ad0 12350       2       org.jetbrains.kotlin.fir.analysis.checkers.syntax.FirSyntaxChecker::checkLightTree (40 bytes)
Event: 40.748 Thread 0x000002684d6c3ad0 nmethod 12350 0x000002683b506d90 code [0x000002683b507040, 0x000002683b507770]
Event: 40.749 Thread 0x000002684d6c3ad0 12351       2       org.jetbrains.kotlin.fir.analysis.checkers.expression.FirOptInUsageBaseChecker::reportNotAcceptedExperimentalities$default (28 bytes)
Event: 40.750 Thread 0x000002684d6c3ad0 nmethod 12351 0x000002683b912e90 code [0x000002683b913040, 0x000002683b9131c8]
Event: 40.751 Thread 0x000002684d6c3ad0 12352       2       org.jetbrains.kotlin.fir.analysis.checkers.type.FirOptInUsageTypeRefChecker::loadClassifierExperimentalities (29 bytes)
Event: 40.751 Thread 0x000002684d6c3ad0 nmethod 12352 0x000002683ba11210 code [0x000002683ba113e0, 0x000002683ba11578]
Event: 40.752 Thread 0x000002684d6c3ad0 12353       2       org.jetbrains.kotlin.fir.expressions.ReferenceUtilsKt::toResolvedCallableReference (16 bytes)
Event: 40.753 Thread 0x000002684d6c3ad0 nmethod 12353 0x000002683b508810 code [0x000002683b508a60, 0x000002683b508f38]
Event: 40.753 Thread 0x000002684d6c3ad0 12354       2       org.jetbrains.kotlin.fir.UtilsKt::packageFqName (103 bytes)
Event: 40.754 Thread 0x000002684d6c3ad0 nmethod 12354 0x000002683b546710 code [0x000002683b5469a0, 0x000002683b5470e0]
Event: 40.754 Thread 0x000002684d6c3ad0 12355   !   2       org.jetbrains.kotlin.fir.analysis.collectors.AbstractDiagnosticCollectorVisitor::visitWithCallOrAssignment (116 bytes)
Event: 40.760 Thread 0x000002684d6c3ad0 nmethod 12355 0x000002683b91f990 code [0x000002683b91fda0, 0x000002683b920d10]
Event: 40.760 Thread 0x000002684d6c3ad0 12356       2       org.jetbrains.kotlin.fir.analysis.checkers.context.MutableCheckerContext::addCallOrAssignment (9 bytes)
Event: 40.761 Thread 0x000002684d6c3ad0 nmethod 12356 0x000002683b218990 code [0x000002683b218b80, 0x000002683b218e80]
Event: 40.776 Thread 0x000002684d6c3ad0 12357       1       org.jetbrains.kotlin.fir.expressions.impl.FirTryExpressionImpl::getSource (5 bytes)
Event: 40.776 Thread 0x000002684d6c3ad0 nmethod 12357 0x0000026842ad2190 code [0x0000026842ad2320, 0x0000026842ad23e8]
Event: 40.781 Thread 0x000002684d6c3ad0 12358       3       org.jetbrains.kotlin.fir.declarations.impl.FirBackingFieldImpl::getAnnotations (8 bytes)
Event: 40.782 Thread 0x000002684d6c3ad0 nmethod 12358 0x000002683b345990 code [0x000002683b345b40, 0x000002683b345e98]

GC Heap History (20 events):
Event: 10.982 GC heap before
{Heap before GC invocations=24 (full 0):
 garbage-first heap   total 105472K, used 90112K [0x00000000c3400000, 0x0000000100000000)
  region size 1024K, 25 young (25600K), 4 survivors (4096K)
 Metaspace       used 51665K, committed 51968K, reserved 1114112K
  class space    used 5755K, committed 5888K, reserved 1048576K
}
Event: 10.995 GC heap after
{Heap after GC invocations=25 (full 0):
 garbage-first heap   total 105472K, used 74240K [0x00000000c3400000, 0x0000000100000000)
  region size 1024K, 4 young (4096K), 4 survivors (4096K)
 Metaspace       used 51665K, committed 51968K, reserved 1114112K
  class space    used 5755K, committed 5888K, reserved 1048576K
}
Event: 11.481 GC heap before
{Heap before GC invocations=26 (full 0):
 garbage-first heap   total 124928K, used 92672K [0x00000000c3400000, 0x0000000100000000)
  region size 1024K, 22 young (22528K), 4 survivors (4096K)
 Metaspace       used 51665K, committed 51968K, reserved 1114112K
  class space    used 5755K, committed 5888K, reserved 1048576K
}
Event: 11.492 GC heap after
{Heap after GC invocations=27 (full 0):
 garbage-first heap   total 124928K, used 79360K [0x00000000c3400000, 0x0000000100000000)
  region size 1024K, 3 young (3072K), 3 survivors (3072K)
 Metaspace       used 51665K, committed 51968K, reserved 1114112K
  class space    used 5755K, committed 5888K, reserved 1048576K
}
Event: 11.974 GC heap before
{Heap before GC invocations=27 (full 0):
 garbage-first heap   total 124928K, used 107008K [0x00000000c3400000, 0x0000000100000000)
  region size 1024K, 30 young (30720K), 3 survivors (3072K)
 Metaspace       used 51665K, committed 51968K, reserved 1114112K
  class space    used 5755K, committed 5888K, reserved 1048576K
}
Event: 11.984 GC heap after
{Heap after GC invocations=28 (full 0):
 garbage-first heap   total 124928K, used 84992K [0x00000000c3400000, 0x0000000100000000)
  region size 1024K, 4 young (4096K), 4 survivors (4096K)
 Metaspace       used 51665K, committed 51968K, reserved 1114112K
  class space    used 5755K, committed 5888K, reserved 1048576K
}
Event: 12.121 GC heap before
{Heap before GC invocations=28 (full 0):
 garbage-first heap   total 124928K, used 109568K [0x00000000c3400000, 0x0000000100000000)
  region size 1024K, 28 young (28672K), 4 survivors (4096K)
 Metaspace       used 51721K, committed 52032K, reserved 1114112K
  class space    used 5758K, committed 5888K, reserved 1048576K
}
Event: 12.135 GC heap after
{Heap after GC invocations=29 (full 0):
 garbage-first heap   total 212992K, used 92672K [0x00000000c3400000, 0x0000000100000000)
  region size 1024K, 4 young (4096K), 4 survivors (4096K)
 Metaspace       used 51721K, committed 52032K, reserved 1114112K
  class space    used 5758K, committed 5888K, reserved 1048576K
}
Event: 15.501 GC heap before
{Heap before GC invocations=30 (full 0):
 garbage-first heap   total 212992K, used 165376K [0x00000000c3400000, 0x0000000100000000)
  region size 1024K, 76 young (77824K), 4 survivors (4096K)
 Metaspace       used 57671K, committed 57984K, reserved 1114112K
  class space    used 6380K, committed 6528K, reserved 1048576K
}
Event: 15.645 GC heap after
{Heap after GC invocations=31 (full 0):
 garbage-first heap   total 212992K, used 107008K [0x00000000c3400000, 0x0000000100000000)
  region size 1024K, 10 young (10240K), 10 survivors (10240K)
 Metaspace       used 57671K, committed 57984K, reserved 1114112K
  class space    used 6380K, committed 6528K, reserved 1048576K
}
Event: 19.862 GC heap before
{Heap before GC invocations=31 (full 0):
 garbage-first heap   total 212992K, used 171520K [0x00000000c3400000, 0x0000000100000000)
  region size 1024K, 73 young (74752K), 10 survivors (10240K)
 Metaspace       used 62476K, committed 62848K, reserved 1114112K
  class space    used 6888K, committed 7040K, reserved 1048576K
}
Event: 19.950 GC heap after
{Heap after GC invocations=32 (full 0):
 garbage-first heap   total 212992K, used 116568K [0x00000000c3400000, 0x0000000100000000)
  region size 1024K, 10 young (10240K), 10 survivors (10240K)
 Metaspace       used 62476K, committed 62848K, reserved 1114112K
  class space    used 6888K, committed 7040K, reserved 1048576K
}
Event: 24.342 GC heap before
{Heap before GC invocations=32 (full 0):
 garbage-first heap   total 212992K, used 178008K [0x00000000c3400000, 0x0000000100000000)
  region size 1024K, 70 young (71680K), 10 survivors (10240K)
 Metaspace       used 63425K, committed 63808K, reserved 1114112K
  class space    used 6936K, committed 7104K, reserved 1048576K
}
Event: 24.428 GC heap after
{Heap after GC invocations=33 (full 0):
 garbage-first heap   total 212992K, used 123778K [0x00000000c3400000, 0x0000000100000000)
  region size 1024K, 7 young (7168K), 7 survivors (7168K)
 Metaspace       used 63425K, committed 63808K, reserved 1114112K
  class space    used 6936K, committed 7104K, reserved 1048576K
}
Event: 27.060 GC heap before
{Heap before GC invocations=34 (full 0):
 garbage-first heap   total 212992K, used 183170K [0x00000000c3400000, 0x0000000100000000)
  region size 1024K, 66 young (67584K), 7 survivors (7168K)
 Metaspace       used 63730K, committed 64064K, reserved 1114112K
  class space    used 6952K, committed 7104K, reserved 1048576K
}
Event: 27.100 GC heap after
{Heap after GC invocations=35 (full 0):
 garbage-first heap   total 212992K, used 131333K [0x00000000c3400000, 0x0000000100000000)
  region size 1024K, 9 young (9216K), 9 survivors (9216K)
 Metaspace       used 63730K, committed 64064K, reserved 1114112K
  class space    used 6952K, committed 7104K, reserved 1048576K
}
Event: 28.918 GC heap before
{Heap before GC invocations=35 (full 0):
 garbage-first heap   total 212992K, used 187653K [0x00000000c3400000, 0x0000000100000000)
  region size 1024K, 64 young (65536K), 9 survivors (9216K)
 Metaspace       used 63995K, committed 64320K, reserved 1114112K
  class space    used 6965K, committed 7104K, reserved 1048576K
}
Event: 28.954 GC heap after
{Heap after GC invocations=36 (full 0):
 garbage-first heap   total 212992K, used 134204K [0x00000000c3400000, 0x0000000100000000)
  region size 1024K, 5 young (5120K), 5 survivors (5120K)
 Metaspace       used 63995K, committed 64320K, reserved 1114112K
  class space    used 6965K, committed 7104K, reserved 1048576K
}
Event: 30.436 GC heap before
{Heap before GC invocations=36 (full 0):
 garbage-first heap   total 212992K, used 190524K [0x00000000c3400000, 0x0000000100000000)
  region size 1024K, 60 young (61440K), 5 survivors (5120K)
 Metaspace       used 64297K, committed 64576K, reserved 1114112K
  class space    used 6983K, committed 7104K, reserved 1048576K
}
Event: 30.452 GC heap after
{Heap after GC invocations=37 (full 0):
 garbage-first heap   total 212992K, used 137816K [0x00000000c3400000, 0x0000000100000000)
  region size 1024K, 8 young (8192K), 8 survivors (8192K)
 Metaspace       used 64297K, committed 64576K, reserved 1114112K
  class space    used 6983K, committed 7104K, reserved 1048576K
}

Dll operation events (3 events):
Event: 0.022 Loaded shared library C:\Program Files\Android\Android Studio\jbr\bin\java.dll
Event: 0.029 Loaded shared library C:\Program Files\Android\Android Studio\jbr\bin\zip.dll
Event: 2.355 Loaded shared library C:\Program Files\Android\Android Studio\jbr\bin\verify.dll

Deoptimization events (20 events):
Event: 37.564 Thread 0x00000268359b6d60 Uncommon trap: trap_request=0xffffffc6 fr.pc=0x0000026842abd458 relative=0x0000000000000478
Event: 37.564 Thread 0x00000268359b6d60 Uncommon trap: reason=bimorphic_or_optimized_type_check action=maybe_recompile pc=0x0000026842abd458 method=org.jetbrains.kotlin.fir.resolve.substitution.ConeSubstitutorByMap.substituteType(Lorg/jetbrains/kotlin/fir/types/ConeKotlinType;)Lorg/jetbrains/ko
Event: 37.564 Thread 0x00000268359b6d60 DEOPT PACKING pc=0x0000026842abd458 sp=0x000000dcd01f7c80
Event: 37.564 Thread 0x00000268359b6d60 DEOPT UNPACKING pc=0x00000268422646a2 sp=0x000000dcd01f7c10 mode 2
Event: 37.582 Thread 0x00000268359b6d60 Uncommon trap: trap_request=0xffffffc6 fr.pc=0x0000026842abd458 relative=0x0000000000000478
Event: 37.582 Thread 0x00000268359b6d60 Uncommon trap: reason=bimorphic_or_optimized_type_check action=maybe_recompile pc=0x0000026842abd458 method=org.jetbrains.kotlin.fir.resolve.substitution.ConeSubstitutorByMap.substituteType(Lorg/jetbrains/kotlin/fir/types/ConeKotlinType;)Lorg/jetbrains/ko
Event: 37.583 Thread 0x00000268359b6d60 DEOPT PACKING pc=0x0000026842abd458 sp=0x000000dcd01f8460
Event: 37.583 Thread 0x00000268359b6d60 DEOPT UNPACKING pc=0x00000268422646a2 sp=0x000000dcd01f83f0 mode 2
Event: 37.589 Thread 0x00000268359b6d60 Uncommon trap: trap_request=0xffffffc6 fr.pc=0x0000026842abd458 relative=0x0000000000000478
Event: 37.589 Thread 0x00000268359b6d60 Uncommon trap: reason=bimorphic_or_optimized_type_check action=maybe_recompile pc=0x0000026842abd458 method=org.jetbrains.kotlin.fir.resolve.substitution.ConeSubstitutorByMap.substituteType(Lorg/jetbrains/kotlin/fir/types/ConeKotlinType;)Lorg/jetbrains/ko
Event: 37.589 Thread 0x00000268359b6d60 DEOPT PACKING pc=0x0000026842abd458 sp=0x000000dcd01f8460
Event: 37.589 Thread 0x00000268359b6d60 DEOPT UNPACKING pc=0x00000268422646a2 sp=0x000000dcd01f83f0 mode 2
Event: 37.658 Thread 0x00000268359b6d60 Uncommon trap: trap_request=0xffffff45 fr.pc=0x0000026842ca60a4 relative=0x00000000000020c4
Event: 37.658 Thread 0x00000268359b6d60 Uncommon trap: reason=unstable_if action=reinterpret pc=0x0000026842ca60a4 method=org.jetbrains.kotlin.fir.FirVisibilityChecker.isVisible$default(Lorg/jetbrains/kotlin/fir/FirVisibilityChecker;Lorg/jetbrains/kotlin/fir/declarations/FirMemberDeclaration;Lo
Event: 37.658 Thread 0x00000268359b6d60 DEOPT PACKING pc=0x0000026842ca60a4 sp=0x000000dcd01f7910
Event: 37.658 Thread 0x00000268359b6d60 DEOPT UNPACKING pc=0x00000268422646a2 sp=0x000000dcd01f7970 mode 2
Event: 40.280 Thread 0x00000268359b6d60 Uncommon trap: trap_request=0xfffffff4 fr.pc=0x000002684299a274 relative=0x00000000000001d4
Event: 40.280 Thread 0x00000268359b6d60 Uncommon trap: reason=null_check action=make_not_entrant pc=0x000002684299a274 method=org.jetbrains.kotlin.name.FqName.equals(Ljava/lang/Object;)Z @ 8 c2
Event: 40.281 Thread 0x00000268359b6d60 DEOPT PACKING pc=0x000002684299a274 sp=0x000000dcd01fc820
Event: 40.284 Thread 0x00000268359b6d60 DEOPT UNPACKING pc=0x00000268422646a2 sp=0x000000dcd01fc7a8 mode 2

Classes loaded (20 events):
Event: 18.049 Loading class java/util/EnumMap$EntryIterator
Event: 18.049 Loading class java/util/EnumMap$EnumMapIterator
Event: 18.049 Loading class java/util/EnumMap$EnumMapIterator done
Event: 18.049 Loading class java/util/EnumMap$EntryIterator done
Event: 18.049 Loading class java/util/EnumMap$EntryIterator$Entry
Event: 18.050 Loading class java/util/EnumMap$EntryIterator$Entry done
Event: 29.488 Loading class java/lang/Short$ShortCache
Event: 29.497 Loading class java/lang/Short$ShortCache done
Event: 35.070 Loading class java/security/CodeSigner
Event: 35.086 Loading class java/security/CodeSigner done
Event: 35.258 Loading class java/text/MessageFormat
Event: 35.261 Loading class java/text/Format
Event: 35.265 Loading class java/text/Format done
Event: 35.266 Loading class java/text/MessageFormat done
Event: 35.267 Loading class java/util/Locale$Category
Event: 35.271 Loading class java/util/Locale$Category done
Event: 35.679 Loading class java/text/ChoiceFormat
Event: 35.685 Loading class java/text/NumberFormat
Event: 35.690 Loading class java/text/NumberFormat done
Event: 35.690 Loading class java/text/ChoiceFormat done

Classes unloaded (0 events):
No events

Classes redefined (0 events):
No events

Internal exceptions (20 events):
Event: 13.047 Thread 0x00000268359b6d60 Exception <a 'java/lang/NoSuchMethodError'{0x00000000ce785b30}: 'java.lang.Object java.lang.invoke.DirectMethodHandle$Holder.newInvokeSpecial(java.lang.Object, int, java.lang.Object)'> (0x00000000ce785b30) 
thrown [s\src\hotspot\share\interpreter\linkResolver.cpp, line 784]
Event: 13.062 Thread 0x00000268359b6d60 Exception <a 'java/lang/NoSuchMethodError'{0x00000000ce7dd6d8}: 'java.lang.Object java.lang.invoke.DirectMethodHandle$Holder.newInvokeSpecial(java.lang.Object, java.lang.Object, java.lang.Object, java.lang.Object, int, java.lang.Object, java.lang.Object)'> (0x00000000ce7dd6d8) 
thrown [s\src\hotspot\share\interpreter\linkResolver.cpp, line 784]
Event: 13.063 Thread 0x00000268359b6d60 Exception <a 'java/lang/NoSuchMethodError'{0x00000000ce7e5b68}: 'java.lang.Object java.lang.invoke.Invokers$Holder.linkToTargetMethod(java.lang.Object, java.lang.Object, java.lang.Object, int, java.lang.Object, java.lang.Object, java.lang.Object)'> (0x00000000ce7e5b68) 
thrown [s\src\hotspot\share\interpreter\linkResolver.cpp, line 784]
Event: 13.311 Thread 0x00000268359b6d60 Exception <a 'java/lang/NoSuchMethodError'{0x00000000cde352c8}: 'java.lang.Object java.lang.invoke.DirectMethodHandle$Holder.invokeSpecial(java.lang.Object, java.lang.Object, int, java.lang.Object, java.lang.Object)'> (0x00000000cde352c8) 
thrown [s\src\hotspot\share\interpreter\linkResolver.cpp, line 784]
Event: 13.458 Thread 0x00000268359b6d60 Exception <a 'java/lang/NoSuchMethodError'{0x00000000cda25c98}: 'java.lang.Object java.lang.invoke.DirectMethodHandle$Holder.invokeStatic(java.lang.Object, java.lang.Object, java.lang.Object, int, java.lang.Object, java.lang.Object)'> (0x00000000cda25c98) 
thrown [s\src\hotspot\share\interpreter\linkResolver.cpp, line 784]
Event: 13.516 Thread 0x00000268359b6d60 Exception <a 'java/lang/NoSuchMethodError'{0x00000000cd926c20}: 'java.lang.Object java.lang.invoke.DirectMethodHandle$Holder.newInvokeSpecial(java.lang.Object, java.lang.Object, java.lang.Object, java.lang.Object, int)'> (0x00000000cd926c20) 
thrown [s\src\hotspot\share\interpreter\linkResolver.cpp, line 784]
Event: 13.517 Thread 0x00000268359b6d60 Exception <a 'java/lang/NoSuchMethodError'{0x00000000cd92b5c8}: 'java.lang.Object java.lang.invoke.DirectMethodHandle$Holder.invokeSpecial(java.lang.Object, java.lang.Object, java.lang.Object, java.lang.Object, java.lang.Object, int)'> (0x00000000cd92b5c8) 
thrown [s\src\hotspot\share\interpreter\linkResolver.cpp, line 784]
Event: 13.517 Thread 0x00000268359b6d60 Exception <a 'java/lang/NoSuchMethodError'{0x00000000cd92f868}: 'java.lang.Object java.lang.invoke.Invokers$Holder.linkToTargetMethod(java.lang.Object, java.lang.Object, java.lang.Object, int, java.lang.Object)'> (0x00000000cd92f868) 
thrown [s\src\hotspot\share\interpreter\linkResolver.cpp, line 784]
Event: 13.595 Thread 0x00000268359b6d60 Exception <a 'java/lang/NoSuchMethodError'{0x00000000cd812938}: 'java.lang.Object java.lang.invoke.DirectMethodHandle$Holder.invokeStatic(java.lang.Object, int, java.lang.Object, java.lang.Object, java.lang.Object, java.lang.Object, java.lang.Object)'> (0x00000000cd812938) 
thrown [s\src\hotspot\share\interpreter\linkResolver.cpp, line 784]
Event: 13.596 Thread 0x00000268359b6d60 Exception <a 'java/lang/NoSuchMethodError'{0x00000000cd81c458}: 'java.lang.Object java.lang.invoke.DirectMethodHandle$Holder.newInvokeSpecial(java.lang.Object, int, java.lang.Object, java.lang.Object, java.lang.Object)'> (0x00000000cd81c458) 
thrown [s\src\hotspot\share\interpreter\linkResolver.cpp, line 784]
Event: 13.597 Thread 0x00000268359b6d60 Exception <a 'java/lang/NoSuchMethodError'{0x00000000cd8243c8}: 'java.lang.Object java.lang.invoke.Invokers$Holder.linkToTargetMethod(int, java.lang.Object, java.lang.Object, java.lang.Object, java.lang.Object)'> (0x00000000cd8243c8) 
thrown [s\src\hotspot\share\interpreter\linkResolver.cpp, line 784]
Event: 14.050 Thread 0x00000268359b6d60 Exception <a 'java/lang/NoSuchMethodError'{0x00000000cc686758}: 'java.lang.Object java.lang.invoke.DirectMethodHandle$Holder.newInvokeSpecial(java.lang.Object, java.lang.Object, java.lang.Object, java.lang.Object, java.lang.Object, int)'> (0x00000000cc686758) 
thrown [s\src\hotspot\share\interpreter\linkResolver.cpp, line 784]
Event: 14.050 Thread 0x00000268359b6d60 Exception <a 'java/lang/NoSuchMethodError'{0x00000000cc68b4e0}: 'java.lang.Object java.lang.invoke.DirectMethodHandle$Holder.invokeSpecial(java.lang.Object, java.lang.Object, java.lang.Object, java.lang.Object, java.lang.Object, java.lang.Object, int)'> (0x00000000cc68b4e0) 
thrown [s\src\hotspot\share\interpreter\linkResolver.cpp, line 784]
Event: 14.051 Thread 0x00000268359b6d60 Exception <a 'java/lang/NoSuchMethodError'{0x00000000cc68fb38}: 'java.lang.Object java.lang.invoke.Invokers$Holder.linkToTargetMethod(java.lang.Object, java.lang.Object, java.lang.Object, java.lang.Object, int, java.lang.Object)'> (0x00000000cc68fb38) 
thrown [s\src\hotspot\share\interpreter\linkResolver.cpp, line 784]
Event: 14.270 Thread 0x00000268359b6d60 Exception <a 'java/lang/NoSuchMethodError'{0x00000000cc311ac0}: 'java.lang.Object java.lang.invoke.DirectMethodHandle$Holder.invokeStatic(java.lang.Object, int, java.lang.Object, java.lang.Object)'> (0x00000000cc311ac0) 
thrown [s\src\hotspot\share\interpreter\linkResolver.cpp, line 784]
Event: 18.948 Thread 0x00000268359b6d60 Exception <a 'java/lang/NoSuchMethodError'{0x00000000cd32d4d8}: 'java.lang.Object java.lang.invoke.DirectMethodHandle$Holder.newInvokeSpecial(java.lang.Object, java.lang.Object, java.lang.Object, java.lang.Object, java.lang.Object, java.lang.Object, java.lang.Object, java.lang.Object, java.lang.Object)'> (0x00000000cd32d4d8) 
thrown [s\src\hotspot\share\interpreter\linkResolver.cpp, line 784]
Event: 24.086 Thread 0x00000268359b6d60 Exception <a 'java/lang/NoSuchMethodError'{0x00000000cc7ff0d8}: 'java.lang.Object java.lang.invoke.DirectMethodHandle$Holder.invokeStatic(java.lang.Object, int, java.lang.Object)'> (0x00000000cc7ff0d8) 
thrown [s\src\hotspot\share\interpreter\linkResolver.cpp, line 784]
Event: 25.854 Thread 0x00000268359b6d60 Implicit null exception at 0x0000026842c11030 to 0x0000026842c1248c
Event: 34.336 Thread 0x00000268359b6d60 Implicit null exception at 0x0000026842a3e545 to 0x0000026842a3edcc
Event: 40.279 Thread 0x00000268359b6d60 Implicit null exception at 0x000002684299a0e9 to 0x000002684299a264

ZGC Phase Switch (0 events):
No events

VM Operations (20 events):
Event: 34.745 Executing VM operation: Cleanup
Event: 34.855 Executing VM operation: Cleanup done
Event: 35.858 Executing VM operation: Cleanup
Event: 35.872 Executing VM operation: Cleanup done
Event: 36.875 Executing VM operation: Cleanup
Event: 36.907 Executing VM operation: Cleanup done
Event: 37.911 Executing VM operation: Cleanup
Event: 37.911 Executing VM operation: Cleanup done
Event: 38.032 Executing VM operation: HandshakeAllThreads (Deoptimize)
Event: 38.035 Executing VM operation: HandshakeAllThreads (Deoptimize) done
Event: 38.262 Executing VM operation: HandshakeAllThreads (Deoptimize)
Event: 38.264 Executing VM operation: HandshakeAllThreads (Deoptimize) done
Event: 38.267 Executing VM operation: HandshakeAllThreads (Deoptimize)
Event: 38.267 Executing VM operation: HandshakeAllThreads (Deoptimize) done
Event: 38.804 Executing VM operation: HandshakeAllThreads (Deoptimize)
Event: 38.804 Executing VM operation: HandshakeAllThreads (Deoptimize) done
Event: 39.804 Executing VM operation: Cleanup
Event: 39.805 Executing VM operation: Cleanup done
Event: 40.820 Executing VM operation: Cleanup
Event: 40.836 Executing VM operation: Cleanup done

Memory protections (0 events):
No events

Nmethod flushes (20 events):
Event: 30.962 Thread 0x000002684d44ced0 flushing  nmethod 0x000002683bda7c10
Event: 30.962 Thread 0x000002684d44ced0 flushing  nmethod 0x000002683bdf6b90
Event: 30.962 Thread 0x000002684d44ced0 flushing  nmethod 0x000002683bdf7010
Event: 30.962 Thread 0x000002684d44ced0 flushing  nmethod 0x000002683be6e110
Event: 30.962 Thread 0x000002684d44ced0 flushing  nmethod 0x000002683bea3990
Event: 30.962 Thread 0x000002684d44ced0 flushing  nmethod 0x000002683bf09c90
Event: 30.962 Thread 0x000002684d44ced0 flushing  nmethod 0x000002683c0f4410
Event: 30.962 Thread 0x000002684d44ced0 flushing  nmethod 0x000002683c0ff510
Event: 30.962 Thread 0x000002684d44ced0 flushing  nmethod 0x000002683c174e90
Event: 30.962 Thread 0x000002684d44ced0 flushing  nmethod 0x000002683c17bb10
Event: 30.962 Thread 0x000002684d44ced0 flushing  nmethod 0x000002683c196890
Event: 30.962 Thread 0x000002684d44ced0 flushing  nmethod 0x000002683c197c10
Event: 30.962 Thread 0x000002684d44ced0 flushing  nmethod 0x000002683c1a2d10
Event: 30.962 Thread 0x000002684d44ced0 flushing  nmethod 0x000002683c1a3590
Event: 30.962 Thread 0x000002684d44ced0 flushing  nmethod 0x000002683c1a5f10
Event: 30.962 Thread 0x000002684d44ced0 flushing  nmethod 0x000002683c1ec190
Event: 30.962 Thread 0x000002684d44ced0 flushing  nmethod 0x000002683c28ed10
Event: 30.962 Thread 0x000002684d44ced0 flushing  nmethod 0x000002683c29d610
Event: 30.962 Thread 0x000002684d44ced0 flushing  nmethod 0x000002683c310e10
Event: 30.962 Thread 0x000002684d44ced0 flushing  nmethod 0x000002683c366890

Events (15 events):
Event: 0.028 Thread 0x00000268359b6d60 Thread added: 0x00000268359b6d60
Event: 0.092 Thread 0x00000268359b6d60 Thread added: 0x000002684d51e060
Event: 0.092 Thread 0x00000268359b6d60 Thread added: 0x000002684d672570
Event: 0.093 Thread 0x00000268359b6d60 Thread added: 0x000002684d65a080
Event: 0.093 Thread 0x00000268359b6d60 Thread added: 0x000002684d65aad0
Event: 0.093 Thread 0x00000268359b6d60 Thread added: 0x000002684d65b520
Event: 0.094 Thread 0x00000268359b6d60 Thread added: 0x000002684d691fa0
Event: 0.094 Thread 0x00000268359b6d60 Thread added: 0x000002684d6c2e20
Event: 0.094 Thread 0x00000268359b6d60 Thread added: 0x000002684d6c3ad0
Event: 0.165 Thread 0x00000268359b6d60 Thread added: 0x000002684d8424a0
Event: 0.171 Thread 0x00000268359b6d60 Thread added: 0x000002684d845490
Event: 0.181 Loaded shared library C:\Program Files\Android\Android Studio\jbr\bin\net.dll
Event: 0.184 Loaded shared library C:\Program Files\Android\Android Studio\jbr\bin\nio.dll
Event: 0.221 Loaded shared library C:\Program Files\Android\Android Studio\jbr\bin\zip.dll
Event: 0.257 Loaded shared library C:\Program Files\Android\Android Studio\jbr\bin\jimage.dll


Dynamic libraries:
0x00007ff7fd850000 - 0x00007ff7fd85a000 	C:\Program Files\Android\Android Studio\jbr\bin\java.exe
0x00007ff82b130000 - 0x00007ff82b328000 	C:\Windows\SYSTEM32\ntdll.dll
0x00007ff829cb0000 - 0x00007ff829d72000 	C:\Windows\System32\KERNEL32.DLL
0x00007ff828ba0000 - 0x00007ff828e96000 	C:\Windows\System32\KERNELBASE.dll
0x00007ff828980000 - 0x00007ff828a80000 	C:\Windows\System32\ucrtbase.dll
0x00007ff820770000 - 0x00007ff82078b000 	C:\Program Files\Android\Android Studio\jbr\bin\VCRUNTIME140.dll
0x00007ff80a1b0000 - 0x00007ff80a1c8000 	C:\Program Files\Android\Android Studio\jbr\bin\jli.dll
0x00007ff82a440000 - 0x00007ff82a5dd000 	C:\Windows\System32\USER32.dll
0x00007ff8287c0000 - 0x00007ff8287e2000 	C:\Windows\System32\win32u.dll
0x00007ff813d80000 - 0x00007ff81401a000 	C:\Windows\WinSxS\amd64_microsoft.windows.common-controls_6595b64144ccf1df_6.0.19041.5915_none_60b4b9d171f9c7c7\COMCTL32.dll
0x00007ff82a080000 - 0x00007ff82a0ab000 	C:\Windows\System32\GDI32.dll
0x00007ff82a670000 - 0x00007ff82a70e000 	C:\Windows\System32\msvcrt.dll
0x00007ff829030000 - 0x00007ff829149000 	C:\Windows\System32\gdi32full.dll
0x00007ff828a80000 - 0x00007ff828b1d000 	C:\Windows\System32\msvcp_win.dll
0x00007ff82a640000 - 0x00007ff82a66f000 	C:\Windows\System32\IMM32.DLL
0x0000000077300000 - 0x000000007730c000 	C:\Program Files (x86)\360\Total Security\safemon\SafeWrapper.dll
0x00007ff82aee0000 - 0x00007ff82af91000 	C:\Windows\System32\ADVAPI32.dll
0x00007ff829f40000 - 0x00007ff829fdf000 	C:\Windows\System32\sechost.dll
0x00007ff8295c0000 - 0x00007ff8296e3000 	C:\Windows\System32\RPCRT4.dll
0x00007ff828950000 - 0x00007ff828977000 	C:\Windows\System32\bcrypt.dll
0x00007fffecd40000 - 0x00007fffecdec000 	C:\Program Files (x86)\360\Total Security\safemon\libzdtp64.dll
0x00007ff82a710000 - 0x00007ff82ae7e000 	C:\Windows\System32\SHELL32.dll
0x00007ff82a260000 - 0x00007ff82a2bb000 	C:\Windows\System32\SHLWAPI.dll
0x00007ff8282b0000 - 0x00007ff8282ba000 	C:\Windows\SYSTEM32\VERSION.dll
0x00007ff815800000 - 0x00007ff81580c000 	C:\Program Files\Android\Android Studio\jbr\bin\vcruntime140_1.dll
0x00007ffffb400000 - 0x00007ffffb48d000 	C:\Program Files\Android\Android Studio\jbr\bin\msvcp140.dll
0x00007fffe7550000 - 0x00007fffe81db000 	C:\Program Files\Android\Android Studio\jbr\bin\server\jvm.dll
0x00007ff829ec0000 - 0x00007ff829f2b000 	C:\Windows\System32\WS2_32.dll
0x00007ff828620000 - 0x00007ff82866b000 	C:\Windows\SYSTEM32\POWRPROF.dll
0x00007ff814100000 - 0x00007ff814127000 	C:\Windows\SYSTEM32\WINMM.dll
0x00007ff828600000 - 0x00007ff828612000 	C:\Windows\SYSTEM32\UMPDC.dll
0x00007ff826f70000 - 0x00007ff826f82000 	C:\Windows\SYSTEM32\kernel.appcore.dll
0x00007ff805080000 - 0x00007ff80508a000 	C:\Program Files\Android\Android Studio\jbr\bin\jimage.dll
0x00007ff823310000 - 0x00007ff823511000 	C:\Windows\SYSTEM32\DBGHELP.DLL
0x00007ff808ff0000 - 0x00007ff809024000 	C:\Windows\SYSTEM32\dbgcore.DLL
0x00007ff828ea0000 - 0x00007ff828f22000 	C:\Windows\System32\bcryptPrimitives.dll
0x00007ff805060000 - 0x00007ff805080000 	C:\Program Files\Android\Android Studio\jbr\bin\java.dll
0x00007ff805040000 - 0x00007ff805058000 	C:\Program Files\Android\Android Studio\jbr\bin\zip.dll
0x00007ff823730000 - 0x00007ff823ed4000 	C:\Windows\SYSTEM32\windows.storage.dll
0x00007ff8296f0000 - 0x00007ff829a43000 	C:\Windows\System32\combase.dll
0x00007ff828110000 - 0x00007ff82813b000 	C:\Windows\SYSTEM32\Wldp.dll
0x00007ff829b00000 - 0x00007ff829bcd000 	C:\Windows\System32\OLEAUT32.dll
0x00007ff829d90000 - 0x00007ff829e3d000 	C:\Windows\System32\SHCORE.dll
0x00007ff8286f0000 - 0x00007ff828715000 	C:\Windows\SYSTEM32\profapi.dll
0x00007ff8048e0000 - 0x00007ff8048f0000 	C:\Program Files\Android\Android Studio\jbr\bin\net.dll
0x00007ff81c0f0000 - 0x00007ff81c1fa000 	C:\Windows\SYSTEM32\WINHTTP.dll
0x00007ff827e70000 - 0x00007ff827eda000 	C:\Windows\system32\mswsock.dll
0x00007ff801630000 - 0x00007ff801646000 	C:\Program Files\Android\Android Studio\jbr\bin\nio.dll
0x00007fffff2c0000 - 0x00007fffff2d0000 	C:\Program Files\Android\Android Studio\jbr\bin\verify.dll

dbghelp: loaded successfully - version: 4.0.5 - missing functions: none
symbol engine: initialized successfully - sym options: 0x614 - pdb path: .;C:\Program Files\Android\Android Studio\jbr\bin;C:\Windows\SYSTEM32;C:\Windows\WinSxS\amd64_microsoft.windows.common-controls_6595b64144ccf1df_6.0.19041.5915_none_60b4b9d171f9c7c7;C:\Program Files (x86)\360\Total Security\safemon;C:\Program Files\Android\Android Studio\jbr\bin\server

VM Arguments:
java_command: org.jetbrains.kotlin.cli.jvm.K2JVMCompiler @C:\Users\Alex\AndroidStudioProjects\Android-Chama-Buddy-App\app\build\20250710_677883678172852936.compiler.options
java_class_path (initial): C:\Users\Alex\.gradle\caches\modules-2\files-2.1\org.jetbrains.kotlin\kotlin-compiler-embeddable\2.0.21\79346ed53db48b18312a472602eb5c057070c54d\kotlin-compiler-embeddable-2.0.21.jar;C:\Users\Alex\.gradle\caches\modules-2\files-2.1\org.jetbrains.kotlin\kotlin-stdlib\2.0.21\618b539767b4899b4660a83006e052b63f1db551\kotlin-stdlib-2.0.21.jar;C:\Users\Alex\.gradle\caches\modules-2\files-2.1\org.jetbrains.kotlin\kotlin-script-runtime\2.0.21\c9b044380ad41f89aa89aa896c2d32a8c0b2129d\kotlin-script-runtime-2.0.21.jar;C:\Users\Alex\.gradle\caches\modules-2\files-2.1\org.jetbrains.kotlin\kotlin-reflect\1.6.10\1cbe9c92c12a94eea200d23c2bbaedaf3daf5132\kotlin-reflect-1.6.10.jar;C:\Users\Alex\.gradle\caches\modules-2\files-2.1\org.jetbrains.kotlin\kotlin-daemon-embeddable\2.0.21\c9e933b23287de9b5a17e2116b4657bb91aea72c\kotlin-daemon-embeddable-2.0.21.jar;C:\Users\Alex\.gradle\caches\modules-2\files-2.1\org.jetbrains.intellij.deps\trove4j\1.0.20200330\3afb14d5f9ceb459d724e907a21145e8ff394f02\trove4j-1.0.20200330.jar;C:\Users\Alex\.gradle\caches\modules-2\files-2.1\org.jetbrains.kotlinx\kotlinx-coroutines-core-jvm\1.6.4\2c997cd1c0ef33f3e751d3831929aeff1390cb30\kotlinx-coroutines-core-jvm-1.6.4.jar;C:\Users\Alex\.gradle\caches\modules-2\files-2.1\org.jetbrains\annotations\13.0\919f0dfe192fb4e063e7dacadee7f8bb9a2672a9\annotations-13.0.jar
Launcher Type: SUN_STANDARD

[Global flags]
     intx CICompilerCount                          = 3                                         {product} {ergonomic}
     uint ConcGCThreads                            = 1                                         {product} {ergonomic}
     uint G1ConcRefinementThreads                  = 4                                         {product} {ergonomic}
   size_t G1HeapRegionSize                         = 1048576                                   {product} {ergonomic}
    uintx GCDrainStackTargetSize                   = 64                                        {product} {ergonomic}
   size_t InitialHeapSize                          = 65011712                                  {product} {ergonomic}
   size_t MarkStackSize                            = 4194304                                   {product} {ergonomic}
   size_t MaxHeapSize                              = 1019215872                                {product} {ergonomic}
   size_t MaxNewSize                               = 611319808                                 {product} {ergonomic}
   size_t MinHeapDeltaBytes                        = 1048576                                   {product} {ergonomic}
   size_t MinHeapSize                              = 8388608                                   {product} {ergonomic}
    uintx NonNMethodCodeHeapSize                   = 5832780                                {pd product} {ergonomic}
    uintx NonProfiledCodeHeapSize                  = 122912730                              {pd product} {ergonomic}
    uintx ProfiledCodeHeapSize                     = 122912730                              {pd product} {ergonomic}
    uintx ReservedCodeCacheSize                    = 251658240                              {pd product} {ergonomic}
     bool SegmentedCodeCache                       = true                                      {product} {ergonomic}
   size_t SoftMaxHeapSize                          = 1019215872                             {manageable} {ergonomic}
     bool UseCompressedOops                        = true                           {product lp64_product} {ergonomic}
     bool UseG1GC                                  = true                                      {product} {ergonomic}
     bool UseLargePagesIndividualAllocation        = false                                  {pd product} {ergonomic}

Logging:
Log output configuration:
 #0: stdout all=warning uptime,level,tags foldmultilines=false
 #1: stderr all=off uptime,level,tags foldmultilines=false

Environment Variables:
PATH=C:\Program Files\Common Files\Oracle\Java\javapath;C:\Windows\system32;C:\Windows;C:\Windows\System32\Wbem;C:\Windows\System32\WindowsPowerShell\v1.0\;C:\Windows\System32\OpenSSH\;C:\Program Files\Git\cmd;C:\Users\Alex\AppData\Local\Microsoft\WindowsApps;;C:\Program Files\JetBrains\IntelliJ IDEA Community Edition 2024.3.1.1\bin;;C:\Users\Alex\AppData\Local\Programs\Microsoft VS Code\bin
USERNAME=Alex
OS=Windows_NT
PROCESSOR_IDENTIFIER=Intel64 Family 6 Model 78 Stepping 3, GenuineIntel
TMP=C:\Users\Alex\AppData\Local\Temp
TEMP=C:\Users\Alex\AppData\Local\Temp




Periodic native trim disabled

JNI global refs:
JNI global refs: 11, weak refs: 16

JNI global refs memory usage: 835, weak refs: 833

Process memory usage:
Resident Set Size: 207620K (5% of 3973732K total physical memory with 53708K free physical memory)

OOME stack traces (most recent first):
Classloader memory used:
Loader jdk.internal.loader.ClassLoaders$AppClassLoader                                 : 55917K
Loader bootstrap                                                                       : 11132K
Loader java.net.URLClassLoader                                                         : 394K

---------------  S Y S T E M  ---------------

OS:
 Windows 10 , 64 bit Build 19041 (10.0.19041.5915)
OS uptime: 3 days 1:14 hours

CPU: total 4 (initial active 4) (2 cores per cpu, 2 threads per core) family 6 model 78 stepping 3 microcode 0xd4, cx8, cmov, fxsr, ht, mmx, 3dnowpref, sse, sse2, sse3, ssse3, sse4.1, sse4.2, popcnt, lzcnt, tsc, tscinvbit, avx, avx2, aes, erms, clmul, bmi1, bmi2, rtm, adx, fma, vzeroupper, clflush, clflushopt, rdtscp, f16c
Processor Information for the first 4 processors :
  Max Mhz: 2496, Current Mhz: 2396, Mhz Limit: 2396

Memory: 4k page, system-wide physical 3880M (49M free)
TotalPageFile size 15656M (AvailPageFile size 9M)
current process WorkingSet (physical memory assigned to process): 203M, peak: 354M
current process commit charge ("private bytes"): 453M, peak: 462M

vm_info: OpenJDK 64-Bit Server VM (21.0.6+-13368085-b895.109) for windows-amd64 JRE (21.0.6+-13368085-b895.109), built on 2025-04-16T17:01:31Z by "builder" with MS VC++ 16.10 / 16.11 (VS2019)

END.
